<?xml version="1.0" encoding="UTF-8"?>
<!-- Generated by org.testng.reporters.JUnitReportReporter -->
<testsuite hostname="DESKTOP-5TN5CVM" failures="0" tests="4" name="testClass" time="5.247" errors="0" timestamp="2025-04-17T14:03:05 EET" skipped="2">
  <testcase classname="testClass" name="Login" time="2.199"/>
  <testcase classname="testClass" name="AddOneRandomItem" time="3.048"/>
  <testcase classname="testClass" name="Logout">
    <skipped/>
  </testcase> <!-- Logout -->
  <testcase classname="testClass" name="RemoveItemFromCart">
    <skipped/>
  </testcase> <!-- RemoveItemFromCart -->
</testsuite> <!-- testClass -->
